[debug] [2025-08-09T06:47:25.516Z] ----------------------------------------------------------------------
[debug] [2025-08-09T06:47:25.519Z] Command:       C:\Program Files\nodejs\node.exe C:\Users\94768\AppData\Roaming\npm\node_modules\firebase-tools\lib\bin\firebase.js init
[debug] [2025-08-09T06:47:25.519Z] CLI Version:   14.12.0
[debug] [2025-08-09T06:47:25.519Z] Platform:      win32
[debug] [2025-08-09T06:47:25.519Z] Node Version:  v22.13.1
[debug] [2025-08-09T06:47:25.519Z] Time:          Sat Aug 09 2025 12:17:25 GMT+0530 (India Standard Time)
[debug] [2025-08-09T06:47:25.519Z] ----------------------------------------------------------------------
[debug] 
[debug] [2025-08-09T06:47:25.524Z] > command requires scopes: ["email","openid","https://www.googleapis.com/auth/cloudplatformprojects.readonly","https://www.googleapis.com/auth/firebase","https://www.googleapis.com/auth/cloud-platform"]
[debug] [2025-08-09T06:47:25.524Z] > authorizing via signed-in user (mohammedfasan617@gmail.com)
[info] 
     ######## #### ########  ######## ########     ###     ######  ########
     ##        ##  ##     ## ##       ##     ##  ##   ##  ##       ##
     ######    ##  ########  ######   ########  #########  ######  ######
     ##        ##  ##    ##  ##       ##     ## ##     ##       ## ##
     ##       #### ##     ## ######## ########  ##     ##  ######  ########

You're about to initialize a Firebase project in this directory:

  C:\Users\94768\Desktop\fruitsApp

[debug] [2025-08-09T06:49:00.956Z] ExitPromptError: User force closed the prompt with SIGINT
    at Interface.sigint (C:\Users\94768\AppData\Roaming\npm\node_modules\firebase-tools\node_modules\@inquirer\core\dist\commonjs\lib\create-prompt.js:101:37)
    at Interface.emit (node:events:524:28)
    at Interface.emit (node:domain:489:12)
    at [_ttyWrite] [as _ttyWrite] (node:internal/readline/interface:1124:18)
    at ReadStream.onkeypress (node:internal/readline/interface:263:20)
    at ReadStream.emit (node:events:536:35)
    at ReadStream.emit (node:domain:489:12)
    at emitKeys (node:internal/readline/utils:370:14)
    at emitKeys.next (<anonymous>)
    at ReadStream.onData (node:internal/readline/emitKeypressEvents:64:36)
[error] 
[error] Error: An unexpected error has occurred.
